<?xml version="1.0" encoding="UTF-8"?>
<!-- Generated by org.testng.reporters.JUnitReportReporter -->
<testsuite hostname="DESKTOP-67LAP0I" failures="0" tests="2" name="Testing.DependsOnMethodTest" time="15.362" errors="0" timestamp="2024-08-24T16:02:53 IST" skipped="0">
  <testcase classname="Testing.DependsOnMethodTest" name="loginToApp" time="7.788"/>
  <testcase classname="Testing.DependsOnMethodTest" name="navigateToApp" time="7.574"/>
</testsuite> <!-- Testing.DependsOnMethodTest -->
