<?xml version="1.0" encoding="UTF-8"?>
<!-- Generated by org.testng.reporters.JUnitReportReporter -->
<testsuite hostname="DESKTOP-67LAP0I" failures="0" tests="6" name="Testing.PrioritizeTests" time="0.021" errors="0" timestamp="2024-08-23T16:38:12 IST" skipped="0">
  <testcase classname="Testing.PrioritizeTests" name="demo3" time="0.014">
    <system-out>
      <![CDATA[DEMO 3]]>
    </system-out>
  </testcase> <!-- demo3 -->
  <testcase classname="Testing.PrioritizeTests" name="demo5" time="0.001">
    <system-out>
      <![CDATA[DEMO 5]]>
    </system-out>
  </testcase> <!-- demo5 -->
  <testcase classname="Testing.PrioritizeTests" name="demo4" time="0.002">
    <system-out>
      <![CDATA[DEMO 4]]>
    </system-out>
  </testcase> <!-- demo4 -->
  <testcase classname="Testing.PrioritizeTests" name="demo6" time="0.002">
    <system-out>
      <![CDATA[DEMO 6]]>
    </system-out>
  </testcase> <!-- demo6 -->
  <testcase classname="Testing.PrioritizeTests" name="demo1" time="0.001">
    <system-out>
      <![CDATA[DEMO 1]]>
    </system-out>
  </testcase> <!-- demo1 -->
  <testcase classname="Testing.PrioritizeTests" name="demo2" time="0.001">
    <system-out>
      <![CDATA[DEMO 2]]>
    </system-out>
  </testcase> <!-- demo2 -->
  <system-out>
    <![CDATA[DEMO 3
DEMO 5
DEMO 4
DEMO 6
DEMO 1
DEMO 2]]>
  </system-out>
</testsuite> <!-- Testing.PrioritizeTests -->
