<?xml version="1.0" encoding="UTF-8"?>
<!-- Generated by org.testng.reporters.JUnitReportReporter -->
<testsuite hostname="DESKTOP-67LAP0I" failures="0" tests="1" name="assertions.WhyIfElseNot" time="0.012" errors="0" timestamp="2024-08-28T15:27:53 IST" skipped="0">
  <testcase classname="assertions.WhyIfElseNot" name="demo" time="0.012"/>
</testsuite> <!-- assertions.WhyIfElseNot -->
