<?xml version="1.0" encoding="UTF-8"?>
<!-- Generated by org.testng.reporters.JUnitReportReporter -->
<testsuite hostname="DESKTOP-67LAP0I" failures="0" tests="2" name="DistributedParallel.Test2" time="0.003" errors="0" timestamp="2024-08-28T16:17:44 IST" skipped="0">
  <testcase classname="DistributedParallel.Test2" name="demo2" time="0.002"/>
  <testcase classname="DistributedParallel.Test2" name="demo1" time="0.001"/>
</testsuite> <!-- DistributedParallel.Test2 -->
