<?xml version="1.0" encoding="UTF-8"?>
<!-- Generated by org.testng.reporters.JUnitReportReporter -->
<testsuite hostname="DESKTOP-67LAP0I" failures="0" tests="3" name="Testing.InvocationCountTest" time="0.024" errors="0" timestamp="2024-08-24T15:31:53 IST" skipped="0">
  <testcase classname="Testing.InvocationCountTest" name="demo3" time="0.002">
    <system-out>
      <![CDATA[DEMO 3]]>
    </system-out>
  </testcase> <!-- demo3 -->
  <testcase classname="Testing.InvocationCountTest" name="demo1" time="0.020">
    <system-out>
      <![CDATA[DEMO 1]]>
    </system-out>
  </testcase> <!-- demo1 -->
  <testcase classname="Testing.InvocationCountTest" name="demo1" time="0.002">
    <system-out>
      <![CDATA[DEMO 1]]>
    </system-out>
  </testcase> <!-- demo1 -->
  <system-out>
    <![CDATA[DEMO 1
DEMO 1
DEMO 3]]>
  </system-out>
</testsuite> <!-- Testing.InvocationCountTest -->
