<?xml version="1.0" encoding="UTF-8"?>
<!-- Generated by org.testng.reporters.JUnitReportReporter -->
<testsuite hostname="DESKTOP-67LAP0I" failures="0" tests="1" name="Testing.SampleTest" time="0.014" errors="0" timestamp="2024-08-24T16:26:38 IST" skipped="0">
  <testcase classname="Testing.SampleTest" name="test0" time="0.014">
    <system-out>
      <![CDATA[HELLO NAVEEN !]]>
    </system-out>
  </testcase> <!-- test0 -->
  <system-out>
    <![CDATA[HELLO NAVEEN !]]>
  </system-out>
</testsuite> <!-- Testing.SampleTest -->
