<?xml version="1.0" encoding="UTF-8"?>
<!-- Generated by org.testng.reporters.JUnitReportReporter -->
<testsuite hostname="DESKTOP-67LAP0I" failures="0" tests="3" name="CrossBrowserParallel.Test2" time="5.530" errors="0" timestamp="2024-08-27T17:14:09 IST" skipped="0">
  <testcase classname="CrossBrowserParallel.Test2" name="primeVideoTest" time="2.103"/>
  <testcase classname="CrossBrowserParallel.Test2" name="primeVideoTest" time="1.721"/>
  <testcase classname="CrossBrowserParallel.Test2" name="primeVideoTest" time="1.706"/>
</testsuite> <!-- CrossBrowserParallel.Test2 -->
