<?xml version="1.0" encoding="UTF-8"?>
<!-- Generated by org.testng.reporters.JUnitReportReporter -->
<testsuite hostname="DESKTOP-67LAP0I" failures="0" tests="2" name="Testing.EnabledTest" time="0.022" errors="0" timestamp="2024-08-24T15:33:30 IST" skipped="1">
  <testcase classname="Testing.EnabledTest" name="demo2" time="0.022">
    <system-out>
      <![CDATA[DEMO 2]]>
    </system-out>
  </testcase> <!-- demo2 -->
  <testcase classname="Testing.EnabledTest" name="demo3">
    <skipped/>
  </testcase> <!-- demo3 -->
  <system-out>
    <![CDATA[DEMO 2]]>
  </system-out>
</testsuite> <!-- Testing.EnabledTest -->
