<?xml version="1.0" encoding="UTF-8"?>
<!-- Generated by org.testng.reporters.JUnitReportReporter -->
<testsuite hostname="DESKTOP-67LAP0I" failures="0" tests="1" name="DistributedParallel.Test1" time="0.003" errors="0" timestamp="2024-08-28T16:19:35 IST" skipped="0">
  <testcase classname="DistributedParallel.Test1" name="demo1" time="0.003"/>
</testsuite> <!-- DistributedParallel.Test1 -->
