<?xml version="1.0" encoding="UTF-8"?>
<!-- Generated by org.testng.reporters.JUnitReportReporter -->
<testsuite hostname="DESKTOP-67LAP0I" failures="0" tests="1" name="DistributedParallel.Test5" time="0.019" errors="0" timestamp="2024-08-28T16:19:35 IST" skipped="0">
  <testcase classname="DistributedParallel.Test5" name="demo1" time="0.019"/>
</testsuite> <!-- DistributedParallel.Test5 -->
