<?xml version="1.0" encoding="UTF-8"?>
<!-- Generated by org.testng.reporters.JUnitReportReporter -->
<testsuite hostname="DESKTOP-67LAP0I" failures="0" tests="3" name="dataProviders.DataProvidersTest" time="0.012" errors="0" timestamp="2024-08-29T15:29:47 IST" skipped="0">
  <testcase classname="dataProviders.DataProvidersTest" name="bookTicketTest" time="0.001"/>
  <testcase classname="dataProviders.DataProvidersTest" name="bookTicketTest" time="0.003"/>
  <testcase classname="dataProviders.DataProvidersTest" name="bookTicketTest" time="0.008"/>
</testsuite> <!-- dataProviders.DataProvidersTest -->
